INFO: [VRFC 10-2263] Analyzing Verilog file "D:/USTC/CA2021_labs/new_lab3/new_lab3.srcs/sources_1/imports/imports/SourceCode/ALU.v" into library xil_defaultlib
INFO: [VRFC 10-311] analyzing module ALU
INFO: [VRFC 10-2263] Analyzing Verilog file "D:/USTC/CA2021_labs/new_lab3/new_lab3.srcs/sources_1/imports/imports/SourceCode/ControlUnit.v" into library xil_defaultlib
INFO: [VRFC 10-311] analyzing module ControlUnit
INFO: [VRFC 10-2263] Analyzing Verilog file "D:/USTC/CA2021_labs/new_lab3/new_lab3.srcs/sources_1/imports/imports/SourceCode/DataExt.v" into library xil_defaultlib
INFO: [VRFC 10-311] analyzing module DataExt
INFO: [VRFC 10-2263] Analyzing Verilog file "D:/USTC/CA2021_labs/new_lab3/new_lab3.srcs/sources_1/imports/imports/SourceCode/EXSegReg.v" into library xil_defaultlib
INFO: [VRFC 10-311] analyzing module EXSegReg
INFO: [VRFC 10-2263] Analyzing Verilog file "D:/USTC/CA2021_labs/new_lab3/new_lab3.srcs/sources_1/imports/imports/SourceCode/HarzardUnit.v" into library xil_defaultlib
INFO: [VRFC 10-311] analyzing module HarzardUnit
INFO: [VRFC 10-2263] Analyzing Verilog file "D:/USTC/CA2021_labs/new_lab3/new_lab3.srcs/sources_1/imports/imports/SourceCode/IDSegReg.v" into library xil_defaultlib
INFO: [VRFC 10-311] analyzing module IDSegReg
INFO: [VRFC 10-2263] Analyzing Verilog file "D:/USTC/CA2021_labs/new_lab3/new_lab3.srcs/sources_1/imports/imports/SourceCode/IFSegReg.v" into library xil_defaultlib
INFO: [VRFC 10-311] analyzing module IFSegReg
INFO: [VRFC 10-2263] Analyzing Verilog file "D:/USTC/CA2021_labs/new_lab3/new_lab3.srcs/sources_1/imports/imports/SourceCode/ImmOperandUnit.v" into library xil_defaultlib
INFO: [VRFC 10-311] analyzing module ImmOperandUnit
INFO: [VRFC 10-2263] Analyzing Verilog file "D:/USTC/CA2021_labs/new_lab3/new_lab3.srcs/sources_1/ASM-Benchmark/generate_inst/InstructionCache.v" into library xil_defaultlib
INFO: [VRFC 10-311] analyzing module InstructionCache_MM
INFO: [VRFC 10-2263] Analyzing Verilog file "D:/USTC/CA2021_labs/new_lab3/new_lab3.srcs/sources_1/imports/imports/SourceCode/MEMSegReg.v" into library xil_defaultlib
INFO: [VRFC 10-311] analyzing module MEMSegReg
INFO: [VRFC 10-2263] Analyzing Verilog file "D:/USTC/CA2021_labs/new_lab3/new_lab3.srcs/sources_1/imports/imports/SourceCode/RV32Core.v" into library xil_defaultlib
INFO: [VRFC 10-311] analyzing module RV32Core
INFO: [VRFC 10-2263] Analyzing Verilog file "D:/USTC/CA2021_labs/new_lab3/new_lab3.srcs/sources_1/imports/imports/SourceCode/RegisterFile.v" into library xil_defaultlib
INFO: [VRFC 10-311] analyzing module RegisterFile
INFO: [VRFC 10-2263] Analyzing Verilog file "D:/USTC/CA2021_labs/new_lab3/new_lab3.srcs/sources_1/imports/imports/SourceCode/WBSegReg.v" into library xil_defaultlib
INFO: [VRFC 10-311] analyzing module WBSegReg
INFO: [VRFC 10-2263] Analyzing SystemVerilog file "D:/USTC/CA2021_labs/new_lab3/new_lab3.srcs/sources_1/imports/CacheSrcCode/mem.sv" into library xil_defaultlib
INFO: [VRFC 10-311] analyzing module mem_MM
