#-----------------------------------------------------------
# Vivado v2019.1 (64-bit)
# SW Build 2552052 on Fri May 24 14:49:42 MDT 2019
# IP Build 2548770 on Fri May 24 18:01:18 MDT 2019
# Start of session at: Fri May 28 12:53:08 2021
# Process ID: 13452
# Current directory: D:/USTC/CA2021_labs/new_lab3
# Command line: vivado.exe -gui_launcher_event rodinguilauncherevent2580 D:\USTC\CA2021_labs\new_lab3\new_lab3.xpr
# Log file: D:/USTC/CA2021_labs/new_lab3/vivado.log
# Journal file: D:/USTC/CA2021_labs/new_lab3\vivado.jou
#-----------------------------------------------------------
start_gui
open_project D:/USTC/CA2021_labs/new_lab3/new_lab3.xpr
Scanning sources...
Finished scanning sources
INFO: [IP_Flow 19-234] Refreshing IP repositories
INFO: [IP_Flow 19-1704] No user IP repositories specified
INFO: [IP_Flow 19-2313] Loaded Vivado IP repository 'D:/XIlinx/Vivado/2019.1/data/ip'.
open_project: Time (s): cpu = 00:00:16 ; elapsed = 00:00:18 . Memory (MB): peak = 696.512 ; gain = 96.449
update_compile_order -fileset sources_1
export_ip_user_files -of_objects  [get_files D:/USTC/CA2021_labs/new_lab3/new_lab3.srcs/sources_1/imports/CacheSrcCode/mem_QS.sv] -no_script -reset -force -quiet
remove_files  D:/USTC/CA2021_labs/new_lab3/new_lab3.srcs/sources_1/imports/CacheSrcCode/mem_QS.sv
launch_simulation
INFO: [Vivado 12-5682] Launching behavioral simulation in 'D:/USTC/CA2021_labs/new_lab3/new_lab3.sim/sim_1/behav/xsim'
INFO: [SIM-utils-51] Simulation object is 'sim_1'
INFO: [SIM-utils-54] Inspecting design source files for 'cpu_tb' in fileset 'sim_1'...
INFO: [USF-XSim-97] Finding global include files...
INFO: [USF-XSim-98] Fetching design files from 'sim_1'...
INFO: [USF-XSim-2] XSim::Compile design
INFO: [USF-XSim-61] Executing 'COMPILE and ANALYZE' step in 'D:/USTC/CA2021_labs/new_lab3/new_lab3.sim/sim_1/behav/xsim'
"xvlog --incr --relax -prj cpu_tb_vlog.prj"
INFO: [VRFC 10-2263] Analyzing Verilog file "D:/USTC/CA2021_labs/new_lab3/new_lab3.srcs/sources_1/imports/imports/SourceCode/ALU.v" into library xil_defaultlib
INFO: [VRFC 10-311] analyzing module ALU
INFO: [VRFC 10-2263] Analyzing Verilog file "D:/USTC/CA2021_labs/new_lab3/new_lab3.srcs/sources_1/imports/imports/SourceCode/ControlUnit.v" into library xil_defaultlib
INFO: [VRFC 10-311] analyzing module ControlUnit
INFO: [VRFC 10-2263] Analyzing Verilog file "D:/USTC/CA2021_labs/new_lab3/new_lab3.srcs/sources_1/imports/imports/SourceCode/DataExt.v" into library xil_defaultlib
INFO: [VRFC 10-311] analyzing module DataExt
INFO: [VRFC 10-2263] Analyzing Verilog file "D:/USTC/CA2021_labs/new_lab3/new_lab3.srcs/sources_1/imports/imports/SourceCode/EXSegReg.v" into library xil_defaultlib
INFO: [VRFC 10-311] analyzing module EXSegReg
INFO: [VRFC 10-2263] Analyzing Verilog file "D:/USTC/CA2021_labs/new_lab3/new_lab3.srcs/sources_1/imports/imports/SourceCode/HarzardUnit.v" into library xil_defaultlib
INFO: [VRFC 10-311] analyzing module HarzardUnit
INFO: [VRFC 10-2263] Analyzing Verilog file "D:/USTC/CA2021_labs/new_lab3/new_lab3.srcs/sources_1/imports/imports/SourceCode/IDSegReg.v" into library xil_defaultlib
INFO: [VRFC 10-311] analyzing module IDSegReg
INFO: [VRFC 10-2263] Analyzing Verilog file "D:/USTC/CA2021_labs/new_lab3/new_lab3.srcs/sources_1/imports/imports/SourceCode/IFSegReg.v" into library xil_defaultlib
INFO: [VRFC 10-311] analyzing module IFSegReg
INFO: [VRFC 10-2263] Analyzing Verilog file "D:/USTC/CA2021_labs/new_lab3/new_lab3.srcs/sources_1/imports/imports/SourceCode/ImmOperandUnit.v" into library xil_defaultlib
INFO: [VRFC 10-311] analyzing module ImmOperandUnit
INFO: [VRFC 10-2263] Analyzing Verilog file "D:/USTC/CA2021_labs/new_lab3/new_lab3.srcs/sources_1/ASM-Benchmark/generate_inst/InstructionCache_QS.v" into library xil_defaultlib
INFO: [VRFC 10-311] analyzing module InstructionCache_QS
INFO: [VRFC 10-2263] Analyzing Verilog file "D:/USTC/CA2021_labs/new_lab3/new_lab3.srcs/sources_1/imports/imports/SourceCode/MEMSegReg.v" into library xil_defaultlib
INFO: [VRFC 10-311] analyzing module MEMSegReg
INFO: [VRFC 10-2263] Analyzing Verilog file "D:/USTC/CA2021_labs/new_lab3/new_lab3.srcs/sources_1/imports/imports/SourceCode/RV32Core.v" into library xil_defaultlib
INFO: [VRFC 10-311] analyzing module RV32Core
INFO: [VRFC 10-2263] Analyzing Verilog file "D:/USTC/CA2021_labs/new_lab3/new_lab3.srcs/sources_1/imports/imports/SourceCode/RegisterFile.v" into library xil_defaultlib
INFO: [VRFC 10-311] analyzing module RegisterFile
INFO: [VRFC 10-2263] Analyzing Verilog file "D:/USTC/CA2021_labs/new_lab3/new_lab3.srcs/sources_1/imports/imports/SourceCode/WBSegReg.v" into library xil_defaultlib
INFO: [VRFC 10-311] analyzing module WBSegReg
INFO: [USF-XSim-69] 'compile' step finished in '4' seconds
INFO: [USF-XSim-3] XSim::Elaborate design
INFO: [USF-XSim-61] Executing 'ELABORATE' step in 'D:/USTC/CA2021_labs/new_lab3/new_lab3.sim/sim_1/behav/xsim'
"xelab -wto a722947a187646e6b81961758407f42f --incr --debug typical --relax --mt 2 -L xil_defaultlib -L unisims_ver -L unimacro_ver -L secureip --snapshot cpu_tb_behav xil_defaultlib.cpu_tb xil_defaultlib.glbl -log elaborate.log"
Vivado Simulator 2019.1
Copyright 1986-1999, 2001-2019 Xilinx, Inc. All Rights Reserved.
Running: D:/XIlinx/Vivado/2019.1/bin/unwrapped/win64.o/xelab.exe -wto a722947a187646e6b81961758407f42f --incr --debug typical --relax --mt 2 -L xil_defaultlib -L unisims_ver -L unimacro_ver -L secureip --snapshot cpu_tb_behav xil_defaultlib.cpu_tb xil_defaultlib.glbl -log elaborate.log 
Using 2 slave threads.
Starting static elaboration
Completed static elaboration
Starting simulation data flow analysis
WARNING: [XSIM 43-4099] "D:/USTC/CA2021_labs/new_lab3/new_lab3.srcs/sources_1/imports/imports/SourceCode/ControlUnit.v" Line 2. Module ControlUnit doesn't have a timescale but at least one module in design has a timescale.
WARNING: [XSIM 43-4099] "D:/USTC/CA2021_labs/new_lab3/new_lab3.srcs/sources_1/imports/imports/SourceCode/ALU.v" Line 7. Module ALU doesn't have a timescale but at least one module in design has a timescale.
WARNING: [XSIM 43-4099] "D:/USTC/CA2021_labs/new_lab3/new_lab3.srcs/sources_1/imports/CacheSrcCode/cache.sv" Line 1. Module cache(SET_ADDR_LEN=2,TAG_ADDR_LEN=8) doesn't have a timescale but at least one module in design has a timescale.
WARNING: [XSIM 43-4099] "D:/USTC/CA2021_labs/new_lab3/new_lab3.srcs/sources_1/imports/CacheSrcCode/main_mem.sv" Line 2. Module main_mem(ADDR_LEN=10) doesn't have a timescale but at least one module in design has a timescale.
WARNING: [XSIM 43-4099] "D:/USTC/CA2021_labs/new_lab3/new_lab3.srcs/sources_1/imports/CacheSrcCode/mem_QS.sv" Line 2. Module mem_QS(ADDR_LEN=13) doesn't have a timescale but at least one module in design has a timescale.
Completed simulation data flow analysis
Time Resolution for simulation is 1ps
Compiling module xil_defaultlib.IFSegReg
Compiling module xil_defaultlib.InstructionCache_QS
Compiling module xil_defaultlib.IDSegReg
Compiling module xil_defaultlib.ControlUnit
Compiling module xil_defaultlib.DataExt
Compiling module xil_defaultlib.RegisterFile
Compiling module xil_defaultlib.ImmOperandUnit
Compiling module xil_defaultlib.EXSegReg
Compiling module xil_defaultlib.ALU
Compiling module xil_defaultlib.MEMSegReg
Compiling module xil_defaultlib.mem_QS(ADDR_LEN=13)
Compiling module xil_defaultlib.main_mem(ADDR_LEN=10)
Compiling module xil_defaultlib.cache(SET_ADDR_LEN=2,TAG_ADDR_LE...
Compiling module xil_defaultlib.WBSegReg
Compiling module xil_defaultlib.HarzardUnit
Compiling module xil_defaultlib.RV32Core
Compiling module xil_defaultlib.cpu_tb
Compiling module xil_defaultlib.glbl
Built simulation snapshot cpu_tb_behav

****** Webtalk v2019.1 (64-bit)
  **** SW Build 2552052 on Fri May 24 14:49:42 MDT 2019
  **** IP Build 2548770 on Fri May 24 18:01:18 MDT 2019
    ** Copyright 1986-2019 Xilinx, Inc. All Rights Reserved.

source D:/USTC/CA2021_labs/new_lab3/new_lab3.sim/sim_1/behav/xsim/xsim.dir/cpu_tb_behav/webtalk/xsim_webtalk.tcl -notrace
INFO: [Common 17-186] 'D:/USTC/CA2021_labs/new_lab3/new_lab3.sim/sim_1/behav/xsim/xsim.dir/cpu_tb_behav/webtalk/usage_statistics_ext_xsim.xml' has been successfully sent to Xilinx on Fri May 28 12:58:29 2021. For additional details about this file, please refer to the WebTalk help file at D:/XIlinx/Vivado/2019.1/doc/webtalk_introduction.html.
webtalk_transmit: Time (s): cpu = 00:00:00 ; elapsed = 00:00:06 . Memory (MB): peak = 91.555 ; gain = 0.000
INFO: [Common 17-206] Exiting Webtalk at Fri May 28 12:58:29 2021...
run_program: Time (s): cpu = 00:00:01 ; elapsed = 00:00:17 . Memory (MB): peak = 701.020 ; gain = 0.000
INFO: [USF-XSim-69] 'elaborate' step finished in '17' seconds
INFO: [USF-XSim-4] XSim::Simulate design
INFO: [USF-XSim-61] Executing 'SIMULATE' step in 'D:/USTC/CA2021_labs/new_lab3/new_lab3.sim/sim_1/behav/xsim'
INFO: [USF-XSim-98] *** Running xsim
   with args "cpu_tb_behav -key {Behavioral:sim_1:Functional:cpu_tb} -tclbatch {cpu_tb.tcl} -log {simulate.log}"
INFO: [USF-XSim-8] Loading simulator feature
Vivado Simulator 2019.1
Time resolution is 1 ps
source cpu_tb.tcl
# set curr_wave [current_wave_config]
# if { [string length $curr_wave] == 0 } {
#   if { [llength [get_objects]] > 0} {
#     add_wave /
#     set_property needs_save false [current_wave_config]
#   } else {
#      send_msg_id Add_Wave-1 WARNING "No top level signals found. Simulator will start without a wave window. If you want to open a wave window go to 'File->New Waveform Configuration' or type 'create_wave_config' in the TCL console."
#   }
# }
# run 1000ns
INFO: [USF-XSim-96] XSim completed. Design snapshot 'cpu_tb_behav' loaded.
INFO: [USF-XSim-97] XSim simulation ran for 1000ns
launch_simulation: Time (s): cpu = 00:00:13 ; elapsed = 00:00:28 . Memory (MB): peak = 730.402 ; gain = 29.383
current_wave_config {Untitled 1}
Untitled 1
add_wave {{/cpu_tb/RV32ICore_tb_inst/WBSegReg1/hit_count}} 
current_wave_config {Untitled 1}
Untitled 1
add_wave {{/cpu_tb/RV32ICore_tb_inst/WBSegReg1/miss_count}} 
current_wave_config {Untitled 1}
Untitled 1
add_wave {{/cpu_tb/RV32ICore_tb_inst/WBSegReg1/cache_test_instance/main_mem_instance/mem_inst/ram_cell}} 
restart
INFO: [Simtcl 6-17] Simulation restarted
run all
run: Time (s): cpu = 00:00:03 ; elapsed = 00:00:06 . Memory (MB): peak = 733.469 ; gain = 0.000
close_sim
INFO: [Simtcl 6-16] Simulation closed
close_sim: Time (s): cpu = 00:00:04 ; elapsed = 00:00:11 . Memory (MB): peak = 734.398 ; gain = 0.328
exit
INFO: [Common 17-206] Exiting Vivado at Fri May 28 14:59:41 2021...
