#-----------------------------------------------------------
# Vivado v2019.1 (64-bit)
# SW Build 2552052 on Fri May 24 14:49:42 MDT 2019
# IP Build 2548770 on Fri May 24 18:01:18 MDT 2019
# Start of session at: Sun Jun  6 00:02:12 2021
# Process ID: 13420
# Current directory: D:/USTC/CA2021_labs/new_lab3
# Command line: vivado.exe -gui_launcher_event rodinguilauncherevent11200 D:\USTC\CA2021_labs\new_lab3\new_lab3.xpr
# Log file: D:/USTC/CA2021_labs/new_lab3/vivado.log
# Journal file: D:/USTC/CA2021_labs/new_lab3\vivado.jou
#-----------------------------------------------------------
start_gui
open_project D:/USTC/CA2021_labs/new_lab3/new_lab3.xpr
Scanning sources...
Finished scanning sources
INFO: [IP_Flow 19-234] Refreshing IP repositories
INFO: [IP_Flow 19-1704] No user IP repositories specified
INFO: [IP_Flow 19-2313] Loaded Vivado IP repository 'D:/XIlinx/Vivado/2019.1/data/ip'.
open_project: Time (s): cpu = 00:00:17 ; elapsed = 00:00:09 . Memory (MB): peak = 702.680 ; gain = 83.590
update_compile_order -fileset sources_1
file mkdir D:/USTC/CA2021_labs/new_lab3/new_lab3.srcs/sources_1/new
close [ open D:/USTC/CA2021_labs/new_lab3/new_lab3.srcs/sources_1/new/bht.sv w ]
add_files D:/USTC/CA2021_labs/new_lab3/new_lab3.srcs/sources_1/new/bht.sv
close [ open D:/USTC/CA2021_labs/new_lab3/new_lab3.srcs/sources_1/new/btb.sv w ]
add_files D:/USTC/CA2021_labs/new_lab3/new_lab3.srcs/sources_1/new/btb.sv
update_compile_order -fileset sources_1
exit
INFO: [Common 17-206] Exiting Vivado at Sun Jun  6 00:22:55 2021...
