Vivado Simulator 2019.1
Time resolution is 1 ps
Initialing reg values...
Loading DataRam Content from file...
Initialing reg values...
Loading DataRam Content from file...
Loading InstRam Content from file...
Start Instruction Execution!
Finish Instruction Execution!
Saving DataRam Content to file...
Saving InstRam Content to file...
Simulation Ended!
$stop called at time : 449238 ns : File "D:/USTC/CA2021_labs/lab2/lab2.srcs/sim_1/imports/Simulation/testBench.v" Line 172
Initialing reg values...
Loading DataRam Content from file...
Loading InstRam Content from file...
Start Instruction Execution!
Finish Instruction Execution!
Saving DataRam Content to file...
Saving InstRam Content to file...
Simulation Ended!
$stop called at time : 449238 ns : File "D:/USTC/CA2021_labs/lab2/lab2.srcs/sim_1/imports/Simulation/testBench.v" Line 172
